<?xml version="1.0" encoding="UTF-8" ?>
<testsuites>
  <testsuite errors="0" failures="1" hostname="Prems-MacBook-Pro.local" id="0" name="HelloWorldTest" package="pu" skipped="0" tests="2" time="0.042" timestamp="2024-05-17T14:52:39">
      <properties>
[...]
</properties>

      <testcase classname="pu.HelloWorldTest" name="testWillAlwaysFail" time="0.004">
          <failure message="An error message" type="junit.framework.AssertionFailedError">junit.framework.AssertionFailedError: An error message
	at pu.HelloWorldTest.testWillAlwaysFail(Unknown Source)
	at java.base/jdk.internal.reflect.DirectMethodHandleAccessor.invoke(DirectMethodHandleAccessor.java:103)
</failure>

      </testcase>

      <testcase classname="pu.HelloWorldTest" name="testNothing" time="0.0" />

      <system-out><![CDATA[]]></system-out>

      <system-err><![CDATA[]]></system-err>

  </testsuite>
</testsuites>
